
**** Build of configuration Debug for project swl_machine_learning_test ****

make all 
Building file: ../CliffWalkingSystem.cpp
Invoking: Cygwin C++ Compiler
g++ -I../../../inc -IE:/work_center/sw_dev/cpp/ext/inc -IE:/work_center/sw_dev/cpp/rnd/inc -O0 -g3 -Wall -c -fmessage-length=0 -MMD -MP -MF"CliffWalkingSystem.d" -MT"CliffWalkingSystem.d" -o"CliffWalkingSystem.o" "../CliffWalkingSystem.cpp"
In file included from ../CliffWalkingSystem.cpp:1:
../stdafx.h:13:19: warning: tchar.h: No such file or directory
../CliffWalkingSystem.cpp: In member function ?˜CliffWalkingStateActionPair::State CliffWalkingStateActionPair::State::takeAction(const CliffWalkingStateActionPair::Action&) const??
../CliffWalkingSystem.cpp:62: error: ?˜runtime_error??is not a member of ?˜std??../CliffWalkingSystem.cpp: In static member function ?˜static CliffWalkingStateActionPair::Action CliffWalkingStateActionPair::getGreedyAction(const CliffWalkingStateActionPair::State&, const std::map<const CliffWalkingStateActionPair, double, std::less<const CliffWalkingStateActionPair>, std::allocator<std::pair<const CliffWalkingStateActionPair, double> > >&)??
../CliffWalkingSystem.cpp:96: error: ?˜runtime_error??is not a member of ?˜std??../CliffWalkingSystem.cpp:100: error: ?˜runtime_error??is not a member of ?˜std??../CliffWalkingSystem.cpp: In static member function ?˜static CliffWalkingStateActionPair::Action CliffWalkingStateActionPair::getRandomAction()??
../CliffWalkingSystem.cpp:105: warning: integer overflow in expression
../CliffWalkingSystem.cpp:105: warning: integer overflow in expression
../CliffWalkingSystem.cpp: In static member function ?˜static CliffWalkingStateActionPair::Action CliffWalkingStateActionPair::getActionFromPolicy(const CliffWalkingStateActionPair::State&, const std::map<const CliffWalkingStateActionPair, double, std::less<const CliffWalkingStateActionPair>, std::allocator<std::pair<const CliffWalkingStateActionPair, double> > >&, const CliffWalkingStateActionPair::POLICY&, double)??
../CliffWalkingSystem.cpp:111: warning: integer overflow in expression
../CliffWalkingSystem.cpp:111: warning: integer overflow in expression
../CliffWalkingSystem.cpp:122: error: ?˜runtime_error??is not a member of ?˜std??make: *** [CliffWalkingSystem.o] Error 1
